<?xml version="1.0" encoding="UTF-8"?>
<!-- Generated by org.testng.reporters.JUnitReportReporter -->
<testsuite skipped="0" hostname="admin-PC" name="RestOtwani.RestAssuredDemo" tests="1" failures="0" timestamp="2020-03-26T17:51:08 IST" time="3.619" errors="0">
  <testcase name="test1" time="3.619" classname="RestOtwani.RestAssuredDemo"/>
  <system-out/>
</testsuite> <!-- RestOtwani.RestAssuredDemo -->
