<?xml version="1.0" encoding="UTF-8"?>
<!-- Generated by org.testng.reporters.JUnitReportReporter -->
<testsuite skipped="0" hostname="admin-PC" name="APITestingRestAssuredProject.APITestingRestAssuredProject.TC001_Get_Request" tests="1" failures="0" timestamp="2020-03-24T22:59:38 IST" time="4.408" errors="0">
  <testcase name="getweatherDetails" time="4.408" classname="APITestingRestAssuredProject.APITestingRestAssuredProject.TC001_Get_Request"/>
  <system-out/>
</testsuite> <!-- APITestingRestAssuredProject.APITestingRestAssuredProject.TC001_Get_Request -->
