<?xml version="1.0" encoding="UTF-8"?>
<!-- Generated by org.testng.reporters.JUnitReportReporter -->
<testsuite skipped="0" hostname="admin-PC" name="APITestingRestAssuredProject.APITestingRestAssuredProject.TC003_Get_Request" tests="1" failures="0" timestamp="2020-03-25T16:59:30 IST" time="3.688" errors="0">
  <testcase name="getGoogleMaps" time="3.688" classname="APITestingRestAssuredProject.APITestingRestAssuredProject.TC003_Get_Request"/>
  <system-out/>
</testsuite> <!-- APITestingRestAssuredProject.APITestingRestAssuredProject.TC003_Get_Request -->
