<?xml version="1.0" encoding="UTF-8"?>
<!-- Generated by org.testng.reporters.JUnitReportReporter -->
<testsuite skipped="0" hostname="admin-PC" name="APITestingRestAssuredProject.APITestingRestAssuredProject.TC002_Post_Request" tests="1" failures="0" timestamp="2020-03-25T14:54:54 IST" time="5.112" errors="0">
  <testcase name="RegistratioqqunSuccessful" time="5.112" classname="APITestingRestAssuredProject.APITestingRestAssuredProject.TC002_Post_Request"/>
  <system-out/>
</testsuite> <!-- APITestingRestAssuredProject.APITestingRestAssuredProject.TC002_Post_Request -->
