<?xml version="1.0" encoding="UTF-8"?>
<!-- Generated by org.testng.reporters.JUnitReportReporter -->
<testsuite skipped="1" hostname="admin-PC" name="oAuth.ChickenFeedAPI" tests="2" failures="0" timestamp="2020-03-27T22:48:00 IST" time="6.372" errors="0">
  <testcase name="chickenFeedClientCredentials" time="6.372" classname="oAuth.ChickenFeedAPI"/>
  <system-out/>
  <testcase name="chickenFeed" classname="oAuth.ChickenFeedAPI">
    <skipped/>
  </testcase> <!-- chickenFeed -->
  <system-out/>
</testsuite> <!-- oAuth.ChickenFeedAPI -->
